android/app/build/intermediates/manifest_merge_blame_file/debug/manifest-merger-blame-debug-report.txt
1<?xml version="1.0" encoding="utf-8"?>
2<manifest xmlns:android="http://schemas.android.com/apk/res/android"
3    package="com.berijalan"
4    android:versionCode="1"
5    android:versionName="1.0" >
6
7    <uses-sdk
8        android:minSdkVersion="21"
9        android:targetSdkVersion="33" />
10
11    <uses-permission android:name="android.permission.SYSTEM_ALERT_WINDOW" />
11-->src\debug\AndroidManifest.xml:5:5-77
11-->src\debug\AndroidManifest.xml:5:22-75
12    <uses-permission android:name="android.permission.INTERNET" />
12-->src\main\AndroidManifest.xml:3:5-67
12-->src\main\AndroidManifest.xml:3:22-64
13    <uses-permission android:name="android.permission.ACCESS_WIFI_STATE" />
13-->[com.facebook.flipper:flipper:0.125.0] AndroidManifest.xml:16:5-76
13-->[com.facebook.flipper:flipper:0.125.0] AndroidManifest.xml:16:22-73
14    <uses-permission android:name="android.permission.WRITE_EXTERNAL_STORAGE" /> <!-- Required by older versions of Google Play services to create IID tokens -->
14-->[:react-native-fs] AndroidManifest.xml:9:5-81
14-->[:react-native-fs] AndroidManifest.xml:9:22-78
15    <uses-permission android:name="com.google.android.c2dm.permission.RECEIVE" />
15-->[com.google.android.gms:play-services-iid:17.0.0] AndroidManifest.xml:23:5-82
15-->[com.google.android.gms:play-services-iid:17.0.0] AndroidManifest.xml:23:22-79
16
17    <queries>
17-->[androidx.camera:camera-extensions:1.1.0-beta02] AndroidManifest.xml:24:5-28:15
18        <intent>
18-->[androidx.camera:camera-extensions:1.1.0-beta02] AndroidManifest.xml:25:9-27:18
19            <action android:name="androidx.camera.extensions.action.VENDOR_ACTION" />
19-->[androidx.camera:camera-extensions:1.1.0-beta02] AndroidManifest.xml:26:13-86
19-->[androidx.camera:camera-extensions:1.1.0-beta02] AndroidManifest.xml:26:21-83
20        </intent>
21    </queries>
22
23    <uses-permission android:name="com.google.android.finsky.permission.BIND_GET_INSTALL_REFERRER_SERVICE" />
23-->[com.android.installreferrer:installreferrer:1.1.2] AndroidManifest.xml:9:5-110
23-->[com.android.installreferrer:installreferrer:1.1.2] AndroidManifest.xml:9:22-107
24
25    <application
25-->src\main\AndroidManifest.xml:5:5-24:19
26        android:name="com.berijalan.MainApplication"
26-->src\main\AndroidManifest.xml:6:7-38
27        android:allowBackup="false"
27-->src\main\AndroidManifest.xml:10:7-34
28        android:appComponentFactory="androidx.core.app.CoreComponentFactory"
28-->[androidx.core:core:1.7.0] AndroidManifest.xml:24:18-86
29        android:debuggable="true"
30        android:icon="@mipmap/ic_launcher"
30-->src\main\AndroidManifest.xml:8:7-41
31        android:label="@string/app_name"
31-->src\main\AndroidManifest.xml:7:7-39
32        android:roundIcon="@mipmap/ic_launcher_round"
32-->src\main\AndroidManifest.xml:9:7-52
33        android:theme="@style/AppTheme"
33-->src\main\AndroidManifest.xml:11:7-38
34        android:usesCleartextTraffic="true" >
34-->src\debug\AndroidManifest.xml:8:9-44
35        <activity
35-->src\debug\AndroidManifest.xml:11:9-111
36            android:name="com.facebook.react.devsupport.DevSettingsActivity"
36-->src\debug\AndroidManifest.xml:11:19-83
37            android:exported="false" />
37-->src\debug\AndroidManifest.xml:11:84-108
38        <activity
38-->src\main\AndroidManifest.xml:12:7-23:18
39            android:name="com.berijalan.MainActivity"
39-->src\main\AndroidManifest.xml:13:9-37
40            android:configChanges="keyboard|keyboardHidden|orientation|screenLayout|screenSize|smallestScreenSize|uiMode"
40-->src\main\AndroidManifest.xml:15:9-118
41            android:exported="true"
41-->src\main\AndroidManifest.xml:18:9-32
42            android:label="@string/app_name"
42-->src\main\AndroidManifest.xml:14:9-41
43            android:launchMode="singleTask"
43-->src\main\AndroidManifest.xml:16:9-40
44            android:windowSoftInputMode="adjustResize" >
44-->src\main\AndroidManifest.xml:17:9-51
45            <intent-filter>
45-->src\main\AndroidManifest.xml:19:9-22:25
46                <action android:name="android.intent.action.MAIN" />
46-->src\main\AndroidManifest.xml:20:13-65
46-->src\main\AndroidManifest.xml:20:21-62
47
48                <category android:name="android.intent.category.LAUNCHER" />
48-->src\main\AndroidManifest.xml:21:13-73
48-->src\main\AndroidManifest.xml:21:23-70
49            </intent-filter>
50        </activity>
51
52        <provider
52-->[:react-native-webview] AndroidManifest.xml:10:9-18:20
53            android:name="com.reactnativecommunity.webview.RNCWebViewFileProvider"
53-->[:react-native-webview] AndroidManifest.xml:11:13-83
54            android:authorities="com.berijalan.fileprovider"
54-->[:react-native-webview] AndroidManifest.xml:12:13-64
55            android:exported="false"
55-->[:react-native-webview] AndroidManifest.xml:13:13-37
56            android:grantUriPermissions="true" >
56-->[:react-native-webview] AndroidManifest.xml:14:13-47
57            <meta-data
57-->[:react-native-webview] AndroidManifest.xml:15:13-17:63
58                android:name="android.support.FILE_PROVIDER_PATHS"
58-->[:react-native-webview] AndroidManifest.xml:16:17-67
59                android:resource="@xml/file_provider_paths" />
59-->[:react-native-webview] AndroidManifest.xml:17:17-60
60        </provider>
61
62        <activity
62-->[com.google.android.gms:play-services-base:17.0.0] AndroidManifest.xml:23:9-26:75
63            android:name="com.google.android.gms.common.api.GoogleApiActivity"
63-->[com.google.android.gms:play-services-base:17.0.0] AndroidManifest.xml:24:13-79
64            android:exported="false"
64-->[com.google.android.gms:play-services-base:17.0.0] AndroidManifest.xml:25:13-37
65            android:theme="@android:style/Theme.Translucent.NoTitleBar" />
65-->[com.google.android.gms:play-services-base:17.0.0] AndroidManifest.xml:26:13-72
66
67        <meta-data
67-->[com.google.android.gms:play-services-basement:17.0.0] AndroidManifest.xml:23:9-25:69
68            android:name="com.google.android.gms.version"
68-->[com.google.android.gms:play-services-basement:17.0.0] AndroidManifest.xml:24:13-58
69            android:value="@integer/google_play_services_version" />
69-->[com.google.android.gms:play-services-basement:17.0.0] AndroidManifest.xml:25:13-66
70
71        <provider
71-->[androidx.emoji2:emoji2:1.0.0] AndroidManifest.xml:26:9-34:20
72            android:name="androidx.startup.InitializationProvider"
72-->[androidx.emoji2:emoji2:1.0.0] AndroidManifest.xml:27:13-67
73            android:authorities="com.berijalan.androidx-startup"
73-->[androidx.emoji2:emoji2:1.0.0] AndroidManifest.xml:28:13-68
74            android:exported="false" >
74-->[androidx.emoji2:emoji2:1.0.0] AndroidManifest.xml:29:13-37
75            <meta-data
75-->[androidx.emoji2:emoji2:1.0.0] AndroidManifest.xml:31:13-33:52
76                android:name="androidx.emoji2.text.EmojiCompatInitializer"
76-->[androidx.emoji2:emoji2:1.0.0] AndroidManifest.xml:32:17-75
77                android:value="androidx.startup" />
77-->[androidx.emoji2:emoji2:1.0.0] AndroidManifest.xml:33:17-49
78            <meta-data
78-->[androidx.lifecycle:lifecycle-process:2.4.0] AndroidManifest.xml:31:13-33:52
79                android:name="androidx.lifecycle.ProcessLifecycleInitializer"
79-->[androidx.lifecycle:lifecycle-process:2.4.0] AndroidManifest.xml:32:17-78
80                android:value="androidx.startup" />
80-->[androidx.lifecycle:lifecycle-process:2.4.0] AndroidManifest.xml:33:17-49
81        </provider>
82
83        <uses-library
83-->[androidx.camera:camera-extensions:1.1.0-beta02] AndroidManifest.xml:31:9-33:40
84            android:name="androidx.camera.extensions.impl"
84-->[androidx.camera:camera-extensions:1.1.0-beta02] AndroidManifest.xml:32:13-59
85            android:required="false" />
85-->[androidx.camera:camera-extensions:1.1.0-beta02] AndroidManifest.xml:33:13-37
86
87        <service
87-->[androidx.camera:camera-camera2:1.1.0-beta02] AndroidManifest.xml:26:9-35:19
88            android:name="androidx.camera.core.impl.MetadataHolderService"
88-->[androidx.camera:camera-camera2:1.1.0-beta02] AndroidManifest.xml:27:13-75
89            android:enabled="false"
89-->[androidx.camera:camera-camera2:1.1.0-beta02] AndroidManifest.xml:28:13-36
90            android:exported="false" >
90-->[androidx.camera:camera-camera2:1.1.0-beta02] AndroidManifest.xml:29:13-37
91            <meta-data
91-->[androidx.camera:camera-camera2:1.1.0-beta02] AndroidManifest.xml:32:13-34:89
92                android:name="androidx.camera.core.impl.MetadataHolderService.DEFAULT_CONFIG_PROVIDER"
92-->[androidx.camera:camera-camera2:1.1.0-beta02] AndroidManifest.xml:33:17-103
93                android:value="androidx.camera.camera2.Camera2Config$DefaultProvider" />
93-->[androidx.camera:camera-camera2:1.1.0-beta02] AndroidManifest.xml:34:17-86
94        </service>
95    </application>
96
97</manifest>